<?xml version="1.0" encoding="UTF-8"?>
<!-- Generated by org.testng.reporters.JUnitReportReporter -->
<testsuite hostname="DESKTOP-UEV2Q3L" failures="1" tests="1" name="runner.TestRunner" time="4.624" errors="0" timestamp="2024-01-23T17:43:25 EET" skipped="0">
  <testcase classname="runner.TestRunner" name="runScenario" time="4.624">
    <failure message="expected [true] but found [false]" type="java.lang.AssertionError">
      <![CDATA[java.lang.AssertionError: expected [true] but found [false]
at org.testng.Assert.fail(Assert.java:99)
at org.testng.Assert.failNotEquals(Assert.java:1037)
at org.testng.Assert.assertTrue(Assert.java:45)
at org.testng.Assert.assertTrue(Assert.java:55)
at stepdefinitions.UserRegistration.the_registeration_page_displayed_succefully(UserRegistration.java:48)
at âœ½.the registeration page displayed succefully(file:///C:/Users/mostafa/eclipse-workspace/taf2/src/test/java/features/UserRegistration.feature:7)
]]>
    </failure>
  </testcase> <!-- runScenario -->
  <system-out/>
</testsuite> <!-- runner.TestRunner -->
